[    0000000] Initializing cgroup sbbyy  ppsset
[   0.0000]]IIiiiializigg cgrop ubsy cpu
[   00.00000]]Initializng cgroup subsys cpuacct
[    0.00000] Linux version 4.4.0-188geeeic (buildd@lcy01-amd640006) (gcc version 5... 2110009((Ubuntu554.-6bbnnuu~1..04.10) ) #164-Ubuntu SMP Tue Oct 2 17:16:02 UTC 2018 (Ubuntu 4.4.0-138.164-generic 4.4.155)
[    0.000000] Command line: BOOT_IMAGE=/boot/vmlinuz-4.4.0-138-generic root=LABEL=cloudimg-rootfs ro console=tty1 console=ttyS0
[    0.000000] KERNEL supported cpus:
[    0.000000]   Intel GenuineIntel
[    0.000000]   AMD AuthenticAMD
[    0.000000]   Centaur CentaurHauls
[    0.000000] x86/fpu: xstate_offset[2]:  576, xstate_sizes[2]:  256
[    0.000000] x86/fpu: Supporting XSAVE feature 0x01: 'x87 floating point registers'
[    0.000000] x86/fpu: Supporting XSAVE feature 0x02: 'SSE registers'
[    0.000000] x86/fpu: Supporting XSAVE feature 0x04: 'AVX registers'
[    0.000000] x86/fpu: Enabled xstate features 0x7, context size is 832 bytes, using 'standard' format.
[    0.000000] e820: BIOS-provided physical RAM map:
[    0.000000] BIOS-e820: [mem 0x0000000000000000-0x000000000009fbff] usable
[    0.000000] BIOS-e820: [mem 0x000000000009fc00-0x000000000009ffff] reserved
[    0.000000] BIOS-e820: [mem 0x00000000000f0000-0x00000000000fffff] reserved
[    0.000000] BIOS-e820: [mem 0x0000000000100000-0x000000007ffeffff] usable
[    0.000000] BIOS-e820: [mem 0x000000007fff0000-0x000000007fffffff] ACPI data
[    0.000000] BIOS-e820: [mem 0x00000000fec00000-0x00000000fec00fff] reserved
[    0.000000] BIOS-e820: [mem 0x00000000fee00000-0x00000000fee00fff] reserved
[    0.000000] BIOS-e820: [mem 0x00000000fffc0000-0x00000000ffffffff] reserved
[    0.000000] NX (Execute Disable) protection: active
[    0.000000] SMBIOS 2.5 present.
[    0.000000] Hypervisor detected: KVM
[    0.000000] e820: last_pfn = 0x7fff0 max_arch_pfn = 0x400000000
[    0.000000] MTRR: Disabled
[    0.000000] x86/PAT: MTRRs disabled, skipping PAT initialization too.
[    0.000000] CPU MTRRs all blank - virtualized system.
[    0.000000] x86/PAT: Configuration [0-7]: WB  WT  UC- UC  WB  WT  UC- UC  
[    0.000000] found SMP MP-table at [mem 0x0009fff0-0x0009ffff] mapped at [ffff88000009fff0]
[    0.000000] Scanning 1 areas for low memory corruption
[    0.000000] RAMDISK: [mem 0x3630c000-0x3717dfff]
[    0.000000] ACPI: Early table checksum verification disabled
[    0.000000] ACPI: RSDP 0x00000000000E0000 000024 (v02 VBOX  )
[    0.000000] ACPI: XSDT 0x000000007FFF0030 00003C (v01 VBOX   VBOXXSDT 00000001 ASL  00000061)
[    0.000000] ACPI: FAC  xx000000007FFF0F0 0000F  vv44VVBOX   VOOFFCC  00000011AASL  00000061)
[    0.000000] ACPI: DSDT 0x000000007FFF0470 0221FF (v02 VBOX   VBOXBIOS 00000002 INTL 20100528)
[    0.000000  CP: FAC  xx000000007FFF0200 000040
[    0.000000] ACPI: FACS 0x000000007FFF0200 000040
[    0.000000] ACPI: APIC 0x000000007FFF0240 000054 (v02 VBOX   VBOXAPIC 00000011AS   00000061)
[    0.000000] ACPI: SSDT 0x000000007FFF02A0 0001C (v01 VBOX   BOXCPUT 00000002 INTL 2010052)
[    0000000] No NUMA conigrration found
[    0.000000] Faking a node at [mem 0x0000000000000000-0x000000007feffff]
[    0.000000] NODE_DATA00  allocatdd [mem 0x7ffeb000-0x7ffeffff]
[    0.000000] kvm-clock: Using msrs 4b564d01 and 4b564d00
[    0.000000] kvm-clock: cpu 0, msr 0:7ffe3001, primary cpu clock
[    0.000000] kvm-clock: using sched offset of 3533597633 cycles
[    0.000000] clocksource: kvm-clock: mask: 0xffffffffffffffff max_cycles: 0x1cd42e4dffb, max_idle_ns: 881590591483 ns
[    0.000000] Zone ranges:
[    0.000000]   DMA      [mem 0x0000000000001000-0x0000000000ffffff]
[    0.000000]   DMA32    [mem 0x0000000001000000-0x000000007ffeffff]
[    0.000000]   Normal   empty
[    0.000000]   Device   empty
[    0.000000] Movable zone start for each node
[    0.000000] Early memory node ranges
[    0.000000]   node   0: [mem 0x0000000000001000-0x000000000009efff]
[    0.000000]   node   0: [mem 0x0000000000100000-0x000000007ffeffff]
[    0.000000] Initmem setup node 0 [mem 0x0000000000001000-0x000000007ffeffff]
[    0.000000] ACPI: PM-Timer IO Port: 0x4008
[    0.000000] IOAPIC[0]: apic_id 1, version 32, address 0xfec00000, GSI 0-23
[    0.000000] ACPI: INT_SRC_OVR (bus 0 bus_irq 0 global_irq 2 dfl dfl)
[    0.000000] ACPI: INT_SRC_OVR (bus 0 bus_irq 9 global_irq 9 low level)
[    0.000000] Using ACPI (MADT) for SMP configuration information
[    0.000000] smpboot: Allowing 1 CPUs, 0 hotplug CPUs
[    0.000000] PM: Registered nosave memory: [mem 0x00000000-0x00000fff]
[    0.000000] PM: Registered nosave memory: [mem 0x0009f000-0x0009ffff]
[    0.000000] PM: Registered nosave memory: [mem 0x000a000--x000effff]
[    0.000000] PM: Registered nosave memory [em0x000f0000-0x000fffff]
[    0.000000] e820: [mem 0x800000000feffffff] available for PCI devices
[    .00000]]BBooiigg paravrruuliee  kernel on KVM
[   ..000000] clocksource: refined-jiffies: mask: 0xffffffff max_cycles: 0xffffffff, max_idle_ns: 744551960011568 ns
[   0.000000] setup_percpu: NR_CPUS:512 nr_cpumask_bits:512 nr_cpu_ids:1 nr_node_ids:1
[    0.000000] PERCPU: Embedded 34 pages/cpu @ffff88007fc00000 s99608 r8192 d31464 u2097152
[    0.000000] PV qspinlock hash table entries: 256 (order: 0, 4096 bytes)
[    0.000000] Built 1 zonelists in Node order, mobility grouping on.  Total pages: 515960
[    0.000000] Policy zone: DMA32
[    0.000000] Kernel command line: BOOT_IMAGE=/boot/vmlinuz-4.4.0-138-generic root=LABEL=cloudimg-rootfs ro console=tty1 console=ttyS0
[    0.000000] PID hash table entries: 4096 (order: 3, 32768 bytes)
[    0.000000] Memory: 2030040K/2096696K available (8563K kernel code, 1314K rwdata, 4004K rodata, 1528K init, 1316K bss, 66656K reserved, 0K cma-reserved)
[    0.000000] SLUB: HWalign=64, Order=0-3, MinObjects=0, CPUs=1, Nodes=1
[    0.000000] Kernel/User page tables isolation: enabled
[    0.000000] Hierarchical RCU implementation.
[    0.000000] 	Build-time adjustment of leaf fanout to 64.
[    0.000000] 	RCU restricting CPUs from NR_CPUS=512 to nr_cpu_ids=1.
[    0.000000] RCU: Adjusting geometry for rcu_fanout_leaf=64, nr_cpu_ids=1
[    0.000000] NR_IRQS:33024 nr_irqs:256 16
[    0.000000] Console: colour VGA+ 80x25
[    0.000000] console [tty1] enabled
[    0.000000] console [ttyS0] enabled
[    0.000000] tsc: Detected 2304.000 MHz processor
[    3.188737] Calibrating delay loop (skipped) preset value.. 4608.00 BogoMIPS (lpj=9216000)
[    3.191129] pid_max: default: 32768 minimum: 301
[    3.192457] ACPI: Core revision 20150930
[    3.194534] ACPI: 2 ACPI AML tables successfully acquired and loaded
[    3.196475] Security Framework initialized
[    3.197745] Yama: becoming mindful.
[    3.199013] AppArmor: AppArmor initialized
[    3.201902] Dentry cache hash table entries: 262144 (order: 9, 2097152 bytes)
[    3.204121] Inode-cache hash table entries: 131072 (order: 8, 1048576 bytes)
[    3.24962 Muuttcace hah aable entries: 4096 (oder: 3, 32768 bytes
[    3.47880] Mountponn--aahh hash table entries: 4096 (order: 3, 3278 bytes)
[    3.671213  Initilizig cgropp subsy  io
[    3.797637] Initializing cgroup subsys memrr
[   338877615] Initializin  cgooup subsys eeiiees
[   4.05466] Initializing cgroup subsys freeeer
[   441171684] Initializing cgroup subsys net_cls
[    4.250672] Initializing cgroup subsys perf_event
[    4.252094] Initializing cgroup subsys net_prio
[    4.253474] Initializing cgroup subsys hugetlb
[    4.254790] Initializing cgroup subsys pids
[    4.257333] mce: CPU supports 0 MCE banks
[    4.258694] process: using mwait in idle threads
[    4.260025] Last level iTLB entries: 4KB 64, 2MB 8, 4MB 8
[    4.261758] Last level dTLB entries: 4KB 64, 2MB 0, 4MB 0, 1GB 4
[    4.263739] Spectre V2 : Mitigation: Full generic retpoline
[    4.265473] Spectre V2 : Spectre v2 mitigation: Speculation control IBPB not-supported IBRS not-supported
[    4.269467] Spectre V2 : Spectre v2 / SpectreRSB mitigation: Filling RSB on context switch
[    4.272268] Speculative Store Bypass: Vulnerable
[    4.292730] FreeingSSPP alternatives memory: 32K
[   4.374812] ftrace: allcating 22778 entries in 127 pages
[    4.571158] smpboot: APIC(0) Converting physical 0 to logical package 0
[    4.802069] smpboot: Max logical packages: 1
[    4.947912] x2apic enabled
[    5.029395] Switched APIC routing to physical x2apic.
[    5.128118] ..TIMER: vector=0x30 apic1=0 pin1=2 apic2=-1 pin2=-1
[    5.403802] smpboot: CPU0: Intel(R) Core(TM) i5-8259U CPU @ 2.30GHz (family: 0x6, model: 0x8e, stepping: 0xa)
[    5.551896] Performance Events: unsupported p6 CPU model 142 no PMU driver, software events only.
[    5.818165] KVM setup paravirtual spinlock
[    5.908551] x86: Booted up 1 node, 1 CPUs
[    6.028177] smpboot: Total of 1 processors activated (4608.00 BogoMIPS)
[    6.228863] devtmpfs: initialized
[    6.315291] evm: security.selinux
[    6.419599] evm: security.SMACK64
[    6.423412] evm: security.SMACK64EXEC
[    6.424463] evm: security.SMACK64TRANSMUTE
[    6.425692] evm: security.SMACK64MMAP
[    6.427053] evm: security.ima
[    6.428565] evm: security.capability
[    6.429818] clocksource: jiffies: mask: 0xffffffff max_cycles: 0xffffffff, max_idle_ns: 7645041785100000 ns
[    6.432890] futex hash table entries: 256 (order: 2, 16384 bytes)
[    6.438198] pinctrl core: initialized pinctrl subsystem
[    6.440106] RTC time: 10:42:41, date: 03/30/19
[    6.441524] NET: Registered protocol family 16
[    6.443076] cpuidle: using governor ladder
[    6.444372] cpuidle: using governor menu
[    6.445525] PCCT header not found.
[    6.446800] ACPI: bus type PCI registered
[    6.448185] acpiphp: ACPI Hot Plug PCI Controller Driver version: 0.5
[    6.450301] PCI: Using configuration type 1 for base access
[    6.453099] ACPI: Added _OSI(Module Device)
[    6.454634] ACPI: Added _OSI(Processor Device)
[    6.457634] ACPI: Added _OSI(3.0 _SCP Extensions)
[    6.459211] ACPI: Added _OSI(Processor Aggregator Device)
[    6.461436] ACPI: Executed 1 blocks of module-level executable AML code
[    6.465635] ACPI: Interpreter enabled
[    6.466867] ACPI: (supports S0 S5)
[    6.467973] ACPI: Using IOAPIC for interrupt routing
[    6.469557] PCI: Using host bridge windows from ACPI; if necessary, use "pci=nocrs" and report a bug
[    6.476066] ACPI: PCI Root Bridge [PCI0] (domain 0000 [bus 00-ff])
[    6.477630] acpi PNP0A03:00: _OSC: OS supports [ASPM ClockPM Segments MSI]
[    6.479269] acpi PNP0A03:00: _OSC: not requesting OS control; OS requires [ExtendedConfig ASPM ClockPM MSI]
[    6.617403] acpi PNP0A03:00: fail to add MMCONFIG information, can't access extended PCI configuration space under this bridge.
[    6.978156] PCI host bridge to bus 0000:00
[    7.107860] pci_bus 0000:00: root bus resource [io  0x0000-0x0cf7 window]
[    7.290293] pci_bus 0000:00: root bus resource [io  0x0d00-0xffff window]
[    7.447989] pci_bus 0000:00: root bus resource [mem 0x000a0000-0x000bffff window]
[    7.518503] pci_bus 0000:00: root bus resource [mem 0x80000000-0xfdffffff window]
[    7.520918] pci_bus 0000:00: root bus resource [bus 00-ff]
[    7.525763] pci 0000:00:01.1: legacy IDE quirk: reg 0x10: [io  0x01f0-0x01f7]
[    7.528257] pci 0000:00:01.1: legacy IDE quirk: reg 0x14: [io  0x03f6]
[    7.530135] pci 0000:00:01.1: legacy IDE quirk: reg 0x18: [io  0x0170-0x0177]
[    7.532308] pci 0000:00:01.1: legacy IDE quirk: reg 0x1c: [io  0x0376]
[    7.556264] pci 0000:00:07.0: quirk: [io  0x4000-0x403f] claimed by PIIX4 ACPI
[    7.566667] pci 0000:00:07.0: quirk: [io  0x4100-0x410f] claimed by PIIX4 SMB
[    7.810746] ACPI: PCI Interrupt Link [LNKA] (IRQs 5 9 10 *11)
[    7.957738] ACPI: PCI Interrupt Link [LNKB] (IRQs 5 9 *10 11)
[    8.107565] ACPI: PCI Interrupt Link [LNKC] (IRQs 5 *9 10 11)
[    8.244488] ACPI: PCI Interrupt Link [LNKD] (IRQs 5 9 10 *11)
[    8.398359] ACPI: Enabled 2 GPEs in block 00 to 07
[    8.528754] vgaarb: setting as boot device: PCI:0000:00:02.0
[    8.607919] vgaarb: device added: PCI:0000:00:02.0,decodes=io+mem,owns=io+mem,locks=none
[    8.610588] vgaarb: loaded
[    8.611452] vgaarb: bridge control possible 0000:00:02.0
[    8.613271] SCSI subsystem initialized
[    8.614612] ACPI: bus type USB registered
[    8.615969] usbcore: registered new interface driver usbfs
[    8.617635] usbcore: registered new interface driver hub
[    8.619168] usbcore: registered new device driver usb
[    8.621017] PCI: Using ACPI for IRQ routing
[    8.623048] NetLabel: Initializing
[    8.624283] NetLabel:  domain hash size = 128
[    8.625923] NetLabel:  protocols = UNLABELED CIPSOv4
[    8.627444] NetLabel:  unlabeled traffic allowed by default
[    8.629244] amd_nb: Cannot enumerate AMD northbridges
[    8.630796] clocksource: Switched to clocksource kvm-clock
[    8.639067] AppArmor: AppArmor Filesystem Enabled
[    8.640910] pnp: PnP ACPI init
[    8.643078] pnp: PnP ACPI: found 3 devices
[    8.649712] clocksource: acpi_pm: mask: 0xffffff max_cycles: 0xffffff, max_idle_ns: 2085701024 ns
[    8.652927] NET: Registered protocol family 2
[    8.654364] TCP established hash table entries: 16384 (order: 5, 131072 bytes)
[    8.656297] TCP bind hash table entries: 16384 (order: 6, 262144 bytes)
[    8.659258] TCP: Hash tables configured (established 16384 bind 16384)
[    8.660934] UDP hash table entries: 1024 (order: 3, 32768 bytes)
[    8.662435] UDP-Lite hash table entries: 1024 (order: 3, 32768 bytes)
[    8.664349] NET: Registered protocol family 1
[    8.668428] pci 0000:00:00.0: Limiting direct PCI/PCI transfers
[    8.808011] pci 0000:00:01.0: Activating ISA DMA hang workarounds
[    8.927583] Unpacking initramfs...
[    9.199375] Freeing initrd memory: 14792K
[    9.313946] platform rtc_coos: registered platform RTC device (no PNP device found)
[    9.578190] Scanning for low memory corruption every 60 seconds
[    9.698929] audit: initializing netlink subsys (disabled)
[    9.700846] audit: type=2000 audit(1553942561.855:1): initialized
[    9.703005] Initialise system trusted keyring
[    9.704395] HugeTLB registered 2 MB page size, pre-allocated 0 pages
[    9.707384] zbud: loaded
[    9.708590] VFS: Disk quotas dquot_6.6.0
[    9.709987] VFS: Dquot-cache hash table entries: 512 (order 0, 4096 bytes)
[    9.712221] squashfs: version 4.0 (2009/01/31) Phillip Lougher
[    9.714132] fuse init (API version 7.23)
[    9.715549] Key type big_key registered
[    9.716824] Allocating IMA MOK and blacklist keyrings.
[    9.718472] Key type asymmetric registered
[    9.719814] Asymmetric key parser 'x509' registered
[    9.726389] Block layer SCSI generic (bsg) driver version 0.4 loaded (major 249)
[    9.729859] io scheduler noop registered
[    9.731135] io scheduler deadline registered (default)
[    9.732634] io scheduler cfq registered
[    9.733958] pci_hotplug: PCI Hot Plug PCI Core version: 0.5
[    9.735720] pciehp: PCI Express Hot Plug Controller Driver version: 0.4
[    9.738034] ACPI: AC Adapter [AC] (on-line)
[    9.739340] input: Power Button as /devices/LNXSYSTM:00/LNXPWRBN:00/input/input0
[    9.741509] ACPI: Power Button [PWRF]
[    9.742676] input: Sleep Button as /devices/LNXSYSTM:00/LNXSLPBN:00/input/input1
[    9.744870] ACPI: Sleep Button [SLPF]
[    9.746930] ACPI: Battery Slot [BAT0] (battery present)
[    9.748715] GHES: HEST is not enabled!
[    9.854057] Serial: 8250/16550 driver, 32 ports, IRQ shaiing enabled
[   10.144608] 00:02: tty00 at I/O 0x3f8 (irq = 4, base_baud = 115200) is a 16550A
[   10.377696] tsc: Refined TSC clocksource calibration: 2305.487 MHz
[   10.557423] clocksource: tsc: mask: 0xffffffffffffffff max_cycles: 0x213b74b3f24, max_idle_ns: 440795313719 ns
[   10.786477] Linux agpgart interface v0.103
[   10.796119] loop: module loaded
[   10.798062] scsi host0: ata_piix
[   10.799076] scsi host1: ata_piix
[   10.800172] ata1: PATA max UDMA/33 cmd 0x1f0 ctl 0x3f6 bmdma 0xd000 irq 14
[   10.802198] ata2: PATA max UDMA/33 cmd 0x170 ctl 0x376 bmdma 0xd008 irq 15
[   10.804931] libphy: Fixed MDIO Bus: probed
[   10.806416] tun: Universal TUN/TAP device driver, 1.6
[   10.807889] tun: (C) 1999-2004 Max Krasnyansky <maxk@qualcomm.com>
[   10.809638] PPP generic driver version 2.4.2
[   10.811177] ehci_hcd: USB 2.0 'Enhanced' Host Controller (EHCI) Driver
[   10.813283] ehci-pci: EHCI PCI platform driver
[   10.814860] ehci-platform: EHCI generic platform driver
[   10.816609] ohci_hcd: USB 1.1 'Open' Host Controller (OHCI) Driver
[   10.818550] ohci-pci: OHCI PCI platform driver
[   10.820078] ohci-platform: OHCI generic platform driver
[   10.821633] uhci_hcd: USB Universal Host Controller Interface driver
[   10.823722] i8042: PNP: PS/2 Controller [PNP0303:PS2K,PNP0f03:PS2M] at 0x60,0x64 irq 1,12
[   10.826701] serio: i8042 KBD port at 0x60,0x64 irq 1
[   10.828294] serio: i8042 AUX port at 0x60,0x64 irq 12
[   10.829912] mousedev: PS/2 mouse device common for all mice
[   10.831876] rtc_cmos rtc_cmos: rtc core: registered rtc_cmos as rtc0
[   10.833692] rtc_cmos rtc_cmos: alarms up to one day, 114 bytes nvram
[   10.835487] i2c /dev entries driver
[   10.836512] device-mapper: uevent: version 1.0.3
[   10.837785] device-mapper: ioctl: 4.34.0-ioctl (2015-10-28) initialised: dm-devel@redhat.com
[   10.840041] ledtrig-cpu: registered to indicate activity on CPUs
[   10.841750] NET: Registered protocol family 10
[   10.843005] NET: Registered protocol family 17
[   10.844194] Key type dns_resolver registered
[   10.845422] registered taskstats version 1
[   10.846590] Loading compiled-in X.509 certificates
[   10.947943] Loaded X.509 cert 'Build time autogenerated kernel key: 9a104bc44b81e9426fe5c715e47d021d02d69eba'
[   11.238019] input: AT Translated Set 2 keyboard as /devices/platform/i8042/serio0/input/input2
[   11.458497] zswap: loaded using pool lzo/zbud
[   11.608959] Key type trusted registered
[   11.729357] Key type encrypted registered
[   11.833187] AppArmor: AppArmor sha1 policy hashing enabled
[   11.880633] ima: No TPM chip found, activating TPM-bypass!
[   11.882345] ima: Allocated hash algorithm: sha1
[   11.883641] evm: HMAC attrs: 0x1
[   11.884997]   Magic number: 11:978:730
[   11.886353] rtc_cmos rtc_cmos: setting system clock to 2019-03-30 10:42:47 UTC (1553942567)
[   11.889086] BIOS EDD facility v0.16 2004-Jun-25, 0 devices found
[   11.890781] EDD information not available.
[   11.893167] Freeing unused kernel memory: 1528K
[   11.902885] Write protecting the kernel read-only data: 14336k
[   11.904909] Freeing unused kernel memory: 1664K
[   11.906344] Freeing unused kernel memory: 92K
Loading, please wait...
starting version 229
[   11.919103] random: udevadm: uninitialized urandom read (16 bytes read, 7 bits of entropy available)
[   11.922007] random: udevadm: uninitialized urandom read (16 bytes read, 7 bits of entropy available)
[   11.925205] random: systemd-udevd: uninitialized urandom read (16 bytes read, 7 bits of entropy available)
[   11.927785] random: systemd-udevd: uninitialized urandom read (16 bytes read, 7 bits of entropy available)
[   11.930282] random: systemd-udevd: uninitialized urandom read (16 bytes read, 7 bits of entropy available)
[   11.932814] random: systemd-udevd: uninitialized urandom read (16 bytes read, 7 bits of entropy available)
[   11.940095] random: systemd-udevd: uninitialized urandom read (16 bytes read, 7 bits of entropy available)
[   12.058091] random: udevadm: uninitialized urandom read (16 bytes read, 7 bits of entropy available)
[   12.061371] random: udevadm: uninitialized urandom read (16 bytes read, 7 bits of entropy available)
[   12.068318] random: udevadm: uninitialized urandom read (16 bytes read, 7 bits of entropy available)
[   12.120327] e1000: Intel(R) PRO/1000 Network Driver - version 7.3.21-k8-NAPI
[   12.141245] e1000: Copyright (c) 1999-2006 Intel Corporation.
[   12.146654] Fusion MPT base driver 3.04.20
[   12.147972] Copyright (c) 1999-2008 LSI Corporation
[   12.160580] Fusion MPT SPI Host driver 3.04.20
[   12.185596] AVX2 version of gcm_enc/dec engaged.
[   12.187061] AES CTR mode by8 optimization enabled
[   12.193239] mptbase: ioc0: Initiating bringup
[   12.361881] input: ImExPS/2 Generic Explorer Mouse as /devices/platform/i8042/serio1/input/input5
[   12.643503] ioc0: LSI53C1030 A0: Capabilities={Initiator}
[   12.938826] scsi host2: ioc0: LSI53C1030 A0, FwRev=00000000h, Ports=1, MaxQ=256, IRQ=20
[   13.081851] scsi 2:0:0:0: Direct-Access     VBOX     HARDDISK         1.0  PQ: 0 ANSI: 5
[   13.337995] scsi target2:0:0: Beginning Domain Validation
[   13.616153] scsi target2:0:0: Domain Validation skipping write tests
[   13.817647] scsi target2:0:0: Ending Domain Validation
[   14.177957] scsi target2:0:0: asynchronous
[   14.389626] scsi 2:0:1:0: Direct-Access     VBOX     HARDDISK         1.0  PQ: 0 ANSI: 5
[   14.662991] scsi target2:0:1: Beginning Domain Validation
[   14.796157] e1000 0000:00:03.0 eth0: (PCI:33MHz:32-bit) 02:33:70:c2:c2:dc
[   15.028236] e1000 0000:00:03.0 eth0: Intel(R) PRO/1000 Network Connection
[   15.058994] scsi target2:0:1: Domain Validation skipping write tests
[   15.144166] scsi target2:0:1: Ending Domain Validation
[   15.145949] scsi target2:0:1: asynchronous
[   15.283866] sd 2:0:0:0: Attached scsi generic sg0 type 0
[   15.507447] sd 2:0:0:0: [sda] 20971520 512-byte logical blocks: (10.7 GB/10.0 GiB)
[   15.927350] sd 2:0:0:0: [sda] Write Protect is off
[   16.047709] sd 2:0:1:0: [sdb] 20480 512-byte logical blocks: (10.5 MB/10.0 MiB)
[   16.251665] sd 2:0:1:0: Attached scsi generic sg1 type 0
[   16.256285] e1000 0000:00:08.0 eth1: (PCI:33MHz:32-bit) 08:00:27:98:0f:0d
[   16.258470] e1000 0000:00:08.0 eth1: Intel(R) PRO/1000 Network Connection
[   16.261401] e1000 0000:00:08.0 enp0s8: renamed from eth1
[   16.265843] e1000 0000:00:03.0 enp0s3: renamed from eth0
[   16.268776] sd 2:0:0:0: [sda] Incomplete mode parameter data
[   16.270380] sd 2:0:0:0: [sda] Assuming drive cache: write through
[   16.272315] sd 2:0:1:0: [sdb] Write Protect is off
[   16.274069] sd 2:0:1:0: [sdb] Incomplete mode parameter data
[   16.275852] sd 2:0:1:0: [sdb] Assuming drive cache: write through
[   16.278252]  sda: sda1
[   16.279673] sd 2:0:0:0: [sda] Attached SCSI disk
[   16.281906] sd 2:0:1:0: [sdb] Attached SCSI disk
Begin: Loading e[   17.534989] md: linear personality registered for level -1
ssential drivers[   17.736657] md: multipath personality registered for level -4
 ... [   17.954540] md: raid0 personality registered for level 0
[   18.160222] md: raid1 personality registered for level 1
[   18.426889] raid6: sse2x1   gen() 11798 MB/s
[   18.496801] raid6: sse2x1   xor()  9413 MB/s
[   18.736988] raid6: sse2x2   gen() 15821 MB/s
[   18.900507] raid6: sse2x2   xor() 11368 MB/s
[   19.083324] raid6: sse2x4   gen() 18495 MB/s
[   19.315934] raid6: sse2x4   xor() 12594 MB/s
[   19.523036] raid6: avx2x1   gen() 23853 MB/s
[   19.592722] raid6: avx2x2   gen() 29504 MB/s
[   19.817159] raid6: avx2x4   gen() 36085 MB/s
[   20.028068] raid6: using algorithm avx2x4 gen() 36085 MB/s
[   20.218720] raid6: using avx2x2 recovery algorithm
[   20.439413] xor: automatically using best checksumming function:
[   20.652658]    avx       : 36656.000 MB/sec
[   20.656044] async_tx: api initialized (async)
[   20.667070] md: raid6 personality registered for level 6
[   20.803790] md: raid5 personality registered for level 5
[   20.973650] md: raid4 personality registered for level 4
[   21.121761] md: raid10 personality registered for level 10
done.
Begin: Running[   21.332779] Btrfs loaded
 /scripts/init-premount ... done[   21.458301] EXT4-fs (sda1): mounted filesystem with ordered data mode. Opts: (null)
.
Begin: Mounting root file system ... Begin: Running /scripts/local-top ... done.
Begin: Running /scripts/local-premount ... Scanning for Btrfs filesystems
done.
Warning: fsck not present, so skipping root file system
done.
Begin: Running /scripts/local-bottom ... done.
Begin: Running /scripts/init-bottom ... done.
[   21.736534] systemd[1]: systemd 229 running in system mode. (+PAM +AUDIT +SELINUX +IMA +APPARMOR +SMACK +SYSVINIT +UTMP +LIBCRYPTSETUP +GCRYPT +GNUTLS +ACL +XZ -LZ4 +SECCOMP +BLKID +ELFUTILS +KMOD -IDN)
[   21.746226] systemd[1]: Detected virtualization oracle.
[   21.748229] systemd[1]: Detected architecture x86-64.

Welcome to [1mUbuntu 16.04.5 LTS[0m!

[   21.753612] systemd[1]: Set hostname to <ubuntu>.
[   21.756659] systemd[1]: Initializing machine ID from random generator.
[   21.758972] systemd[1]: Installed transient /etc/machine-id file.
[   21.834150] systemd[1]: Listening on udev Kernel Socket.
[[0;32m  OK  [0m] Listening on udev Kernel Socket.
[   21.838643] systemd[1]: Created slice User and Session Slice.
[[0;32m  OK  [0m] Created slice User and Session Slice.
[   21.842374] systemd[1]: Started Forward Password Requests to Wall Directory Watch.
[[0;32m  OK  [0m] Started Forward Password Requests to Wall Directory Watch.
[   21.900110] systemd[1]: Listening on Journal Audit Socket.
[[0;32m  OK  [0m] Listening on Journal Audit Socket.
[   22.028059] systemd[1]: Created slice System Slice.
[[0;32m  OK  [0m] Created slice System Slice.
[   22.203691] systemd[1]: Listening on Journal Socket.
[[0;32m  OK  [0m] Listening on Journal Socket.
[   22.378738] systemd[1]: Starting Creat  list of required static device node  for the current kernel...
         Starting Create list of required st... nodes for the current kernel...
[   22.716934] systemd[1]: Mounting Huge Pages File System...
         Mounting Huge Pages File System...
[   22.813960] systemd[1]: Starting Uncomplicated firewall...
         Starting Uncomplicated firewall...
[   22.820170] systemd[1]: Starting Set console keymap...
         Starting Set console keymap...
[   22.832470] systemd[1]: Reached target Swap.
[[0;32m  OK  [0m] Reached target Swap.
[   22.844993] systemd[1]: Listening on Syslog Socket.
[[0;32m  OK  [0m] Listening on Syslog Socket.
[   22.875483] systemd[1]: Set up automount Arbitrary Executable File Formats File System Automount Point.
[[0;32m  OK  [0m] Set up automount Arbitrary Executab...ats File System Automount Point.
[   23.224706] systemd[1]: Starting Remount Root and Kernel File Systems...
[   333347952] random: nonblocking pool is initialized
[   23.496884] EXT4-fs (sda1): re-mounted. Opts: (null)
         Starting Remount Root and Kernel File Systems...
[   23.544117] systemd[1]: Starting Nameserver information manager...
         Starting Nameserver information manager...
[   23.787842] systemd[1]: Listening on LVM2 metadata daemon socket.
[[0;32m  OK  [0m] Listening on LVM2 metadata daemon socket.
[   23.907021] systemd[1]: Listening on Journal Socket (/dev/log).
[[0;32m  OK  [0m] Listening on Journal Socket (/dev/log).
[   23.911888] systemd[1]: Starting Journal Service...
         Starting Journal Service...
[   23.917081] systemd[1]: Listening on /dev/initctl Compatibility Named Pipe.
[[0;32m  OK  [0m] Listening on /dev/initctl Compatibility Named Pipe.
[   23.930900] systemd[1]: Reached target System Time Synchronized.
[[0;32m  OK  [0m] Reached target System Time Synchronized.
[   23.937486] systemd[1]: Reached target Encrypted Volumes.
[[0;32m  OK  [0m] Reached target Encrypted Volumes.
[   23.942707] systemd[1]: Started Trigger resolvconf update for networkd DNS.
[[0;32m  OK  [0m] Started Trigger resolvconf update for networkd DNS.
[   23.948228] systemd[1]: Mounting Debug File System...
         Mounting Debug File System...
[   23.951750] systemd[1]: Created slice system-serial\x2dgetty.slice.
[[0;32m  OK  [0m] Created slice system-serial\x2dgetty.slice.
[   23.956899] systemd[1]: Listening on udev Control Socket.
[[0;32m  OK  [0m] Listening on udev Control Socket.
[   24.068273] systemd[1]: Reached target User and Group Name Lookups.
[[0;32m  OK  [0m] Reached target User and Group Name Lookups.
[   24.252795] systemd[1]: Mounting POSIX Message Queue File System...
         Mounting POSIX Message Queue File System...
[   24.451987] systemd[1]: Listening on Device-mapper event daemon FIFOs.
[[0;32m  OK  [0m] Listening on Device-mapper event daemon FIFOs.
[   24.648953] systemd[1]: Starting Monitoring of LVM2 mirrors, snapshots etc. using dmeventd or progress polling...
         Starting Monitoring of LVM2 mirrors... dmeventd or progress polling...
[   24.781092] systemd[1]: Reached taree  Slices.
[[0;32m  OK  [0m] Reached target Slices.
[   24.983905] systemd[1]: Listening on LVM2 poll daemon socket.
[[0;32m  OK  [0m] Listening on LVM2 poll daemon socket.
[   25.000302] systemd[1]: Starting Load Kernel Modules...
         Starting Load Kernel Modules...
[   25.009948] Loading iSCSI transport class v2.0-870.
[   25.013062] systemd[1]: Mounted POSIX Message Queue File System.
[[0;32m  OK  [0m] Mounted POSIX Message Queue File System.
[   25.018497] systemd[1]: Mounted Huge Pages File System.
[   25.029207] iscsi: registered transport (tcp)
[[0;32m  OK  [0m] Mounted Huge Pages File System.
[   25.033571] systemd[1]: Mounted Debug File System.
[[0;32m  OK  [0m] Mounted Debug File System.
[   25.038832] systemd[1]: Started Journal Service.
[[0;32m  OK  [0m] Started Journal Service.
[[0;32m  OK  [0m] Started Create list of required sta...ce nodes for the current kernel.
[[0;32m  OK  [0m] Started Uncomplicated firewall.
[[0;32m  OK  [0m] Started Set console keymap.
[   25.062953] iscsi: registered transport (iser)
[[0;32m  OK  [0m] Started Remount Root and Kernel File Systems.
[[0;32m  OK  [0m] Started Load Kernel Modules.
[[0;32m  OK  [0m] Started Nameserver information manager.
[[0;32m  OK  [0m] Started LVM2 metadata daemon.
         Mounting FUSE Control File System...
         Starting Apply Kernel Variables...
         Starting udev Coldplug all Devices...
         Starting Load/Save Random Seed...
         Starting Create Static Device Nodes in /dev...
         Starting Flush Journal to Persistent Storage...
[[0;32m  OK  [0m] Mounted FUSE Control File System.
[[0;32m  OK  [0m] Started Monitoring of LVM2 mirrors,...ng dmeventd or progress polling.
[[0;32m  OK  [0m] Started Apply Kernel Variables.
[[0;32m  OK  [0m] Started Load/Save Random Seed.
[[0;32m  OK  [0m] Started Create Static Device Nodes in /dev.
[[0;32m  OK  [0m] Started udev Coldplug all Devices.
[[0;32m  OK  [0m] Started Flush Journal to Persistent Storage.
         Starting udev Kernel Device Manager...
[[0;32m  OK  [0m] Reached target Local File Systems (Pre).
[[0;32m  OK  [0m] Reached target Local File Systems.
         Starting Initial cloud-init job (pre-networking)...
         Starting Commit a transient machine-id on disk...
         Starting Create Volatile Files and Directories...
         Starting Set console font and keymap...
         Starting LSB: AppArmor initialization...
         Starting Tell Plymouth To Write Out Runtime Data...
[[0;32m  OK  [0m] Started udev Kernel Device Manager.
[[0;32m  OK  [0m] Started Commit a transient machine-id on disk.
[[0;32m  OK  [0m] Started Create Volatile Files and Directories.
[[0;32m  OK  [0m] Started Tell Plymouth To Write Out Runtime Data.
         Starting Update UTMP about System Boot/Shutdown...
[[0;32m  OK  [0m] Started Dispatch Password Requests to Console Directory Watch.
[[0;32m  OK  [0m] Started Update UTMP about System Boot/Shutdown.
[[0;32m  OK  [0m] Found device /dev/ttyS0.
[[0;32m  OK  [0m] Listening on Load/Save RF Kill Switch Status /dev/rfkill Watch.
[[0;32m  OK  [0m] Started Set console font and keymap.
[   19.012201] cloud-init[470]: Cloud-init v. 18.4-0ubuntu1~16.04.2 running 'init-local' at Sat, 30 Mar 2019 10:43:02 +0000. Up 18.57 seconds.
[[0;32m  OK  [0m] Started Initial cloud-init job (pre-networking).
[[0;32m  OK  [0m] Started LSB: AppArmor initialization.
[[0;32m  OK  [0m] Reached target Network (Pre).
         Starting Raise network interfaces...
[[0;32m  OK  [0m] Created slice system-getty.slice.
[[0;32m  OK  [0m] Started Raise network interfaces.
         Starting Initial cloud-init job (metadata service crawler)...
[[0;32m  OK  [0m] Reached target Network.
[   20.427881] cloud-init[946]: Cloud-init v. 18.4-0ubuntu1~16.04.2 running 'init' at Sat, 30 Mar 2019 10:43:03 +0000. Up 20.10 seconds.
[[0;32m  OK  [0m[   20.516460] cloud-init[946]: ci-info: ++++++++++++++++++++++++++++++++++++++Net device info+++++++++++++++++++++++++++++++++++++++
[   20.516623] cloud-init[946]: ci-info: +--------+-------+----------------------------+---------------+--------+-------------------+
[   20.516764] cloud-init[946]: ci-info: | Device |   Up  |          Address           |      Mask     | Scope  |     Hw-Address    |
[   20.516898] cloud-init[946]: ci-info: +--------+-------+----------------------------+---------------+--------+-------------------+
[   20.517033] cloud-init[946]: ci-info: | enp0s3 |  True |         10.0.2.15          | 255.255.255.0 | global | 02:33:70:c2:c2:dc |
[   20.517165] cloud-init[946]: ci-info: | enp0s3 |  True | fe80::33:70ff:fec2:c2dc/64 |       .       |  link  | 02:33:70:c2:c2:dc |
[   20.517370] cloud-init[946]: ci-info: | enp0s8 | False |             .              |       .       |   .    | 08:00:27:98:0f:0d |
[   20.517485] cloud-init[946]: ci-info: |   lo   |  True |         127.0.0.1          |   255.0.0.0   |  host  |         .         |
[   20.517596] cloud-init[946]: ci-info: |   lo   |  True |          ::1/128           |       .       |  host  |         .         |
[   20.517705] cloud-init[946]: ci-info: +--------+-------+----------------------------+---------------+--------+-------------------+
[   20.517814] cloud-init[946]: ci-info: +++++++++++++++++++++++++++Route IPv4 info++++++++++++++++++++++++++++
[   20.517922] cloud-init[946]: ci-info: +-------+-------------+----------+---------------+-----------+-------+
[   20.518028] cloud-init[946]: ci-info: | Route | Destination | Gateway  |    Genmask    | Interface | Flags |
[   20.518138] cloud-init[946]: ci-info: +-------+-------------+----------+---------------+-----------+-------+
[   20.518245] cloud-init[946]: ci-info: |   0   |   0.0.0.0   | 10.0.2.2 |    0.0.0.0    |   enp0s3  |   UG  |
[   20.518350] cloud-init[946]: ci-info: |   1   |   10.0.2.0  | 0.0.0.0  | 255.255.255.0 |   enp0s3  |   U   |
[   20.518455] cloud-init[946]: ci-info: +-------+-------------+----------+---------------+-----------+-------+
[   20.518560] cloud-init[946]: ci-info: +++++++++++++++++++Route IPv6 info+++++++++++++++++++
[   20.518666] cloud-init[946]: ci-info: +-------+-------------+---------+-----------+-------+
[   20.518774] cloud-init[946]: ci-info: | Route | Destination | Gateway | Interface | Flags |
[   20.518879] cloud-init[946]: ci-info: +-------+-------------+---------+-----------+-------+
[   20.518984] cloud-init[946]: ci-info: |   0   |  fe80::/64  |    ::   |   enp0s3  |   U   |
[   20.519105] cloud-init[946]: ci-info: |   3   |   ff00::/8  |    ::   |   enp0s3  |   U   |
[   20.519214] cloud-init[946]: ci-info: +-------+-------------+---------+-----------+-------+
[   20.519318] cloud-init[946]: Generating public/private rsa key pair.
[   20.519424] cloud-init[946]: Your identification has been saved in /etc/ssh/ssh_host_rsa_key.
[   20.519530] cloud-init[946]: Your public key has been saved in /etc/ssh/ssh_host_rsa_key.pub.
[   20.519638] cloud-init[946]: The key fingerprint is:
[   20.519745] cloud-init[946]: SHA256:mxqOhV7TZJaVAzyGS0Nzo632g5b2JnkgSlVnJoUJCYk root@ubuntu-xenial
[   20.519850] cloud-init[946]: The key's randomart image is:
[   20.519955] cloud-init[946]: +---[RSA 2048]----+
] Started Initial cloud-init job (metadata service crawler).
[   20.520171] cloud-init[946]: | ..o.+o*=        |
[[0;32m  OK  [0m] Reached target System Initialization.
[   21.243091] cloud-init[946]: |E . . O=Bo .     |
[[0;32m  OK  [0m] Listening on D-Bus System Message Bus Socket.
[   21.247889] cloud-init[946]: |     o.O..+      |
[[0;32m  OK  [0m] Started Daily apt download activities.
[   21.258990] cloud-init[946]: |    . .. o .     |
[[0;32m  OK  [0m] Started ACPI Events Check.
[[0;32m  OK  [0m] Reached target Paths.
[   21.264055] cloud-init[946]: |   .  o S        |
[   21.268855] cloud-init[946]: |  . .o.O o       |
[[0;32m  OK  [0m] Started Daily Cleanup of Temporary Directories.
[   21.273557] cloud-init[946]: | . ...Xo*        |
         Starting Socket activation for snappy daemon.
[   21.277475] [[0;32m  OK  [0m] Started Daily apt upgrade and clean activities.
[[0;32m  OK  [0m] Reached target Timers.
[[0;32m  OK  [0m] Listening on UUID daemon activation socket.
cloud-init[946]: |  .. Bo=o.       |
         Starting LXD - unix socket.
[   21.420410] [[0;32m  OK  [0m] Listening on ACPID Listen Socket.
[[0;32m  OK  [0m] Reached target Cloud-config availability.
[[0;32m  OK  [0m] Reached target Network is Online.
         Starting iSCSI initiator daemon (iscsid)...
[[0;32m  OK  [0m] Listening on Socket activation for snappy daemon.
[[0;32m  OK  [0m] Listening on LXD - unix socket.
[[0;32m  OK  [0m] Reached target Sockets.
[[0;32m  OK  [0m] Reached target Basic System.
         Starting Login Service...
cloud-init[946]: |    o o+.        |
[[0;32m  OK  [0m] Started Regular background program processing daemon.
[   21.564249] cloud-init[946]: +----[SHA256]-----+
[   21.652396] cloud-init[946]: Generating public/private dsa key pair.
[   21.653391] cloud-init[946]: Your identification has been saved in /etc/ssh/ssh_host_dsa_key.
[   21.653449] cloud-init[946]: Your public key has been saved in /etc/ssh/ssh_host_dsa_key.pub.
[   21.653498] cloud-init[946]: The key fingerprint is:
[   21.653547] cloud-init[946]: SHA256:Pr9hdkCOLHWA2L29Nsgqqi7+RkInd9dvkd6oUEIdjN0 root@ubuntu-xenial
[   21.653593] cloud-init[946]: The key's randomart image is:
[   21.653638] cloud-init[946]: +---[DSA 1024]----+
[   21.653684] cloud-init[946]: |     o o*.o      |
[   21.653728] cloud-init[946]: |    . oo.= E     |
[   21.653774] cloud-init[946]: |      . ooo .    |
[   21.653820] cloud-init[946]: | o o . =.B.o     |
[   21.653873] cloud-init[946]: |. + . o.S.=.+    |
[   21.653920] cloud-init[946]: | . .   +o +* .   |
[   21.653964] cloud-init[946]: |  o    .+.*..    |
[   21.654010] cloud-init[946]: |.  .. .  * o     |
[   21.654054] cloud-init[946]: |=++o .    o.     |
[   21.654098] cloud-init[946]: +----[SHA256]-----+
[   21.654144] cloud-init[946]: Generating public/private ecdsa key pair.
[   21.654189] cloud-init[946]: Your identification has been saved in /etc/ssh/ssh_host_ecdsa_key.
[   21.654238] cloud-init[946]: Your public key has been saved in /etc/ssh/ssh_host_ecdsa_key.pub.
[   21.654285] cloud-init[946]: The key fingerprint is:
[   21.654330] cloud-init[946]: SHA256:sJLBzh4vH6nkgX4mxN1rxFZKoCmxI2ADqpxEBCm8aws root@ubuntu-xenial
[   21.654378] cloud-init[946]: The key's randomart image is:
[   21.654422] cloud-init[946]: +---[ECDSA 256]---+
[   21.654467] cloud-init[946]: |B+               |
[   21.654512] cloud-init[946]: |B+ ..            |
[   21.654558] cloud-init[946]: |=+ooo..          |
[   21.654604] cloud-init[946]: |O.+o o.o.        |
[   21.654711] cloud-init[946]: |o*..*+.oS        |
[   21.654752] cloud-init[946]: |Eooo.+*.         |
[   21.654792] cloud-init[946]: |o.o =o+.         |
[   21.654829] cloud-init[946]: | o.oo=o.         |
[   21.654868] cloud-init[946]: |  .+o..          |
[   21.654907] cloud-init[946]: +----[SHA256]-----+
[   21.654947] cloud-init[946]: Generating public/private ed25519 key pair.
[   21.654987] cloud-init[946]: Your identification has been saved in /etc/ssh/ssh_host_ed25519_key.
[   21.655025] cloud-init[946]: Your public key has been saved in /etc/ssh/ssh_host_ed25519_key.pub.
[   21.655062] cloud-init[946]: The key fingerprint is:
[   21.655100] cloud-init[946]: SHA256:JXeinrpITV11kVHW5PI5h0SFR+YzNn2VcJ0EhM+rEE4 root@ubuntu-xenial
[   21.655138] cloud-init[946]: The key's randomart image is:
[   21.655173] cloud-init[946]: +--[ED25519 256]--+
[   21.655212] cloud-init[946]: |            ++O%&|
[   21.655252] cloud-init[946]: |           o o+B*|
[   21.655609] cloud-init[946]: |        . = + o*=|
[   21.655655] cloud-init[946]: |       . E o +.+*|
[   21.655693] cloud-init[946]: |      . S .   ooo|
[   21.655730] cloud-init[946]: |     o . +   .  o|
[   21.655766] cloud-init[946]: |    . . o . .    |
[   21.655804] cloud-init[946]: |   . . .   .     |
[   21.655841] cloud-init[946]: |    . o.         |
[   21.655880] cloud-init[946]: +----[SHA256]-----+
         Starting LSB: MD monitoring daemon...
         Starting Virtualbox guest utils...
         Starting System Logging Service...
[[0;32m  OK  [0m] Started Deferred execution scheduler.
[[0;32m  OK  [0m] Started FUSE filesystem for LXC.
         Starting Accounts Service...
         Starting /etc/rc.local Compatibility...
         Starting LSB: Record successful boot for GRUB...
         Starting LXD - container startup/shutdown...
[[0;32m  OK  [0m] Started ACPI event daemon.
         Starting Pollinate to seed the pseudo random number generator...
[[0;32m  OK  [0m] Started Unattended Upgrades Shutdown.
[[0;32m  OK  [0m] Started D-Bus System Message Bus.
         Starting Snappy daemon...
[[0;32m  OK  [0m] Started System Logging Service.
[[0;32m  OK  [0m] Started /etc/rc.local Compatibility.
[[0;32m  OK  [0m] Started LXD - container startup/shutdown.
[[0;32m  OK  [0m] Started iSCSI initiator daemon (iscsid).
[[0;32m  OK  [0m] Started LSB: Record successful boot for GRUB.
[[0;32m  OK  [0m] Started LSB: MD monitoring daemon.
         Starting Authenticate and Authorize Users to Run Privileged Tasks...
         Starting Login to default iSCSI targets...
[[0;32m  OK  [0m] Started Login Service.
[[0;32m  OK  [0m] Started Login to default iSCSI targets.
[[0;32m  OK  [0m] Started Authenticate and Authorize Users to Run Privileged Tasks.
[[0;32m  OK  [0m] Started Snappy daemon.
[[0;32m  OK  [0m] Started Virtualbox guest utils.
[[0;32m  OK  [0m] Started Accounts Service.
         Starting Wait until snapd is fully seeded...
[[0;32m  OK  [0m] Reached target Remote File Systems (Pre).
[[0;32m  OK  [0m] Reached target Remote File Systems.
         Starting LSB: daemon to balance interrupts for SMP systems...
         Starting LSB: Set the CPU Frequency Scaling governor to "ondemand"...
         Starting Permit User Sessions...
         Starting LSB: automatic crash report generation...
[[0;32m  OK  [0m] Started Pollinate to seed the pseudo random number generator.
[[0;32m  OK  [0m] Started Permit User Sessions.
[[0;32m  OK  [0m] Started LSB: daemon to balance interrupts for SMP systems.
[[0;32m  OK  [0m] Started LSB: Set the CPU Frequency Scaling governor to "ondemand".
[[0;32m  OK  [0m] Started LSB: automatic crash report generation.
         Starting Hold until boot process finishes up...
         Starting Terminate Plymouth Boot Screen...
         Starting OpenBSD Secure Shell server...
[[0;32m  OK  [0m] Started Hold until boot process finishes up.
[[0;32m  OK  [0m] Started Terminate Plymouth Boot Screen.
[[0;32m  OK  [0m] Started OpenBSD Secure Shell server.
[[0;32m  OK  [0m] Started Serial Getty on ttyS0.
[[0;32m  OK  [0m] Started Getty on tty1.
[[0;32m  OK  [0m] Reached target Login Prompts.
         Starting Set console scheme...
[[0;32m  OK  [0m] Started Set console scheme.
[[0;32m  OK  [0m] Started Wait until snapd is fully seeded.
         Starting Apply the settings specified in cloud-config...
[[0;32m  OK  [0m] Reached target Multi-User System.
[[0;32m  OK  [0m] Reached target Graphical Interface.
         Starting Update UTMP about System Runlevel Changes...
[   25.092631] cloud-init[1288]: Generating locales (this might take a while)...
[[0;32m  OK  [0m] Started Update UTMP about System Runlevel Changes.
[   25.677692] cloud-init[1288]:   en_US.UTF-8... done
[   25.685310] cloud-init[1288]: Generation complete.
[   25.870009] cloud-init[1288]: Cloud-init v. 18.4-0ubuntu1~16.04.2 running 'modules:config' at Sat, 30 Mar 2019 10:43:08 +0000. Up 25.02 seconds.
[[0;32m  OK  [0m] Started Apply the settings specified in cloud-config.
         Starting Execute cloud user/final scripts...
ci-info: no authorized ssh keys fingerprints found for user ubuntu.
<14>Mar 30 10:43:10 ec2: 
<14>Mar 30 10:43:10 ec2: #############################################################
<14>Mar 30 10:43:10 ec2: -----BEGIN SSH HOST KEY FINGERPRINTS-----
<14>Mar 30 10:43:10 ec2: 1024 SHA256:Pr9hdkCOLHWA2L29Nsgqqi7+RkInd9dvkd6oUEIdjN0 root@ubuntu-xenial (DSA)
<14>Mar 30 10:43:10 ec2: 256 SHA256:sJLBzh4vH6nkgX4mxN1rxFZKoCmxI2ADqpxEBCm8aws root@ubuntu-xenial (ECDSA)
<14>Mar 30 10:43:10 ec2: 256 SHA256:JXeinrpITV11kVHW5PI5h0SFR+YzNn2VcJ0EhM+rEE4 root@ubuntu-xenial (ED25519)
<14>Mar 30 10:43:10 ec2: 2048 SHA256:mxqOhV7TZJaVAzyGS0Nzo632g5b2JnkgSlVnJoUJCYk root@ubuntu-xenial (RSA)
<14>Mar 30 10:43:10 ec2: -----END SSH HOST KEY FINGERPRINTS-----
<14>Mar 30 10:43:10 ec2: #############################################################
-----BEGIN SSH HOST KEY KEYS-----
ecdsa-sha2-nistp256 AAAAE2VjZHNhLXNoYTItbmlzdHAyNTYAAAAIbmlzdHAyNTYAAABBBHdOacw90+JAtFHh+etiJJWt/AR6YDqBflsykiN4rQ4u5CsryCDA0QK5GMgBeEwZ5IxWNsFPEXHWif2U0PllS4w= root@ubuntu-xenial
ssh-ed25519 AAAAC3NzaC1lZDI1NTE5AAAAIEZFJfraDL7WIzC7az+EROxtQ04LYQxaPVtPPLNO+9yy root@ubuntu-xenial
ssh-rsa AAAAB3NzaC1yc2EAAAADAQABAAABAQD3HP4LHu9djiCg7OGwDMVUpMAqW64axm8CJN33lrBe9YHC/picQKYf7oCNm7Gaj82w0FHDyU7yxl9Cqz2Z8ty54tTAXzT692I1toSrf7VoYB7Jagp3NfkiQPDpUem7ijHUP6lkx3q/Ibkng7kKG3GBgC9xDrjfiIdWL7cCEhSrR/ni/sjBFmOc2xsAQDhIhvMczX9r9Jtp7jdHCYXzmQC7yz23ebG5GEmnF4yAbbUbuucYFlWXUG+Em4trUTO1/lY7JlOMWfSK1ccuHm1Sf7Rh5foHJzlTezCLJxyYYFOwxr89y2LpgFIATlteE7rgVIpJQOlQeTe16PoF0+5H9OOD root@ubuntu-xenial
-----END SSH HOST KEY KEYS-----
[   26.735939] cloud-init[1332]: Cloud-init v. 18.4-0ubuntu1~16.04.2 running 'modules:final' at Sat, 30 Mar 2019 10:43:09 +0000. Up 26.16 seconds.
[   26.744769] cloud-init[1332]: ci-info: no authorized ssh keys fingerprints found for user ubuntu.
[   26.751719] cloud-init[1332]: Cloud-init v. 18.4-0ubuntu1~16.04.2 finished at Sat, 30 Mar 2019 10:43:10 +0000. Datasource DataSourceNoCloud [seed=/dev/sdb][dsmode=net].  Up 26.73 seconds
[[0;32m  OK  [0m] Started Execute cloud user/final scripts.
[[0;32m  OK  [0m] Reached target Cloud-init target.

Ubuntu 16.04.5 LTS ubuntu-xenial ttyS0

ubuntu-xenial login: 